{
  message: 'Database connection established',
  level: 'info',
  label: 'UM',
  timestamp: '2023-11-14T19:17:37.045Z'
}
{
  message: 'University management listening on port 5000',
  level: 'info',
  label: 'UM',
  timestamp: '2023-11-14T19:17:37.048Z'
}
{
  message: 'Database connection established',
  level: 'info',
  label: 'UM',
  timestamp: '2023-11-14T19:26:05.914Z'
}
{
  message: 'University management listening on port 5000',
  level: 'info',
  label: 'UM',
  timestamp: '2023-11-14T19:26:05.918Z'
}
{
  message: 'Database connection established',
  level: 'info',
  label: 'UM',
  timestamp: '2023-11-14T19:31:08.662Z'
}
{
  message: 'University management listening on port 5000',
  level: 'info',
  label: 'UM',
  timestamp: '2023-11-14T19:31:08.665Z'
}
{
  message: 'Database connection established',
  level: 'info',
  label: 'UM',
  timestamp: '2023-11-14T19:35:38.277Z'
}
{
  message: 'University management listening on port 5000',
  level: 'info',
  label: 'UM',
  timestamp: '2023-11-14T19:35:38.280Z'
}
{
  message: 'Database connection established',
  level: 'info',
  label: 'UM',
  timestamp: '2023-11-14T19:36:07.358Z'
}
{
  message: 'University management listening on port 5000',
  level: 'info',
  label: 'UM',
  timestamp: '2023-11-14T19:36:07.362Z'
}
{
  message: 'Database connection established',
  level: 'info',
  label: 'UM',
  timestamp: '2023-11-14T19:52:18.154Z'
}
{
  message: 'University management listening on port 5000',
  level: 'info',
  label: 'UM',
  timestamp: '2023-11-14T19:52:18.157Z'
}
{
  message: 'Database connection established',
  level: 'info',
  label: 'UM',
  timestamp: '2023-11-14T19:53:08.603Z'
}
{
  message: 'University management listening on port 5000',
  level: 'info',
  label: 'UM',
  timestamp: '2023-11-14T19:53:08.606Z'
}
{
  message: 'Database connection established',
  level: 'info',
  label: 'UM',
  timestamp: '2023-11-14T19:53:34.590Z'
}
{
  message: 'University management listening on port 5000',
  level: 'info',
  label: 'UM',
  timestamp: '2023-11-14T19:53:34.594Z'
}
{
  message: 'Database connection established',
  level: 'info',
  label: 'UM',
  timestamp: '2023-11-14T19:54:02.875Z'
}
{
  message: 'University management listening on port 5000',
  level: 'info',
  label: 'UM',
  timestamp: '2023-11-14T19:54:02.879Z'
}
{
  message: 'Database connection established',
  level: 'info',
  label: 'UM',
  timestamp: '2023-11-14T19:54:20.209Z'
}
{
  message: 'University management listening on port 5000',
  level: 'info',
  label: 'UM',
  timestamp: '2023-11-14T19:54:20.212Z'
}
{
  message: 'Database connection established',
  level: 'info',
  label: 'UM',
  timestamp: '2023-11-14T19:54:49.911Z'
}
{
  message: 'University management listening on port 5000',
  level: 'info',
  label: 'UM',
  timestamp: '2023-11-14T19:54:49.915Z'
}
{
  message: 'Database connection established',
  level: 'info',
  label: 'UM',
  timestamp: '2023-11-14T19:55:16.424Z'
}
{
  message: 'University management listening on port 5000',
  level: 'info',
  label: 'UM',
  timestamp: '2023-11-14T19:55:16.428Z'
}
{
  message: 'Database connection established',
  level: 'info',
  label: 'UM',
  timestamp: '2023-11-14T19:55:21.167Z'
}
{
  message: 'University management listening on port 5000',
  level: 'info',
  label: 'UM',
  timestamp: '2023-11-14T19:55:21.171Z'
}
{
  message: 'Database connection established',
  level: 'info',
  label: 'UM',
  timestamp: '2023-11-14T19:55:41.242Z'
}
{
  message: 'University management listening on port 5000',
  level: 'info',
  label: 'UM',
  timestamp: '2023-11-14T19:55:41.246Z'
}
{
  message: 'Database connection established',
  level: 'info',
  label: 'UM',
  timestamp: '2023-11-14T19:55:48.197Z'
}
{
  message: 'Database connection established',
  level: 'info',
  label: 'UM',
  timestamp: '2023-11-14T19:55:54.419Z'
}
{
  message: 'University management listening on port 5000',
  level: 'info',
  label: 'UM',
  timestamp: '2023-11-14T19:55:54.422Z'
}
{
  message: 'Database connection established',
  level: 'info',
  label: 'UM',
  timestamp: '2023-11-14T19:55:58.251Z'
}
{
  message: 'University management listening on port 5000',
  level: 'info',
  label: 'UM',
  timestamp: '2023-11-14T19:55:58.254Z'
}
