{
  message: 'Database connection established',
  level: 'info',
  label: 'UM',
  timestamp: '2023-11-12T16:00:31.716Z'
}
{
  message: 'University management listening on port 5000',
  level: 'info',
  label: 'UM',
  timestamp: '2023-11-12T16:00:31.720Z'
}
{
  message: 'Database connection established',
  level: 'info',
  label: 'UM',
  timestamp: '2023-11-12T16:00:33.809Z'
}
{
  message: 'University management listening on port 5000',
  level: 'info',
  label: 'UM',
  timestamp: '2023-11-12T16:00:33.813Z'
}
