{
  message: 'Database connection established',
  level: 'info',
  label: 'UM',
  timestamp: '2023-11-16T19:03:23.771Z'
}
{
  message: 'Server listening on port 5000',
  level: 'info',
  label: 'UM',
  timestamp: '2023-11-16T19:03:23.774Z'
}
{
  message: 'Database connection established',
  level: 'info',
  label: 'UM',
  timestamp: '2023-11-16T19:13:16.973Z'
}
{
  message: 'Server listening on port 5000',
  level: 'info',
  label: 'UM',
  timestamp: '2023-11-16T19:13:16.977Z'
}
{
  message: 'Database connection established',
  level: 'info',
  label: 'UM',
  timestamp: '2023-11-16T19:33:17.500Z'
}
{
  message: 'Server listening on port 5000',
  level: 'info',
  label: 'UM',
  timestamp: '2023-11-16T19:33:17.504Z'
}
{
  message: 'Database connection established',
  level: 'info',
  label: 'UM',
  timestamp: '2023-11-16T19:33:31.774Z'
}
{
  message: 'Server listening on port 5000',
  level: 'info',
  label: 'UM',
  timestamp: '2023-11-16T19:33:31.777Z'
}
{
  message: 'Database connection established',
  level: 'info',
  label: 'UM',
  timestamp: '2023-11-16T19:34:07.389Z'
}
{
  message: 'Server listening on port 5000',
  level: 'info',
  label: 'UM',
  timestamp: '2023-11-16T19:34:07.392Z'
}
{
  message: 'Database connection established',
  level: 'info',
  label: 'UM',
  timestamp: '2023-11-16T19:36:32.733Z'
}
{
  message: 'Server listening on port 5000',
  level: 'info',
  label: 'UM',
  timestamp: '2023-11-16T19:36:32.736Z'
}
{
  message: 'Database connection established',
  level: 'info',
  label: 'UM',
  timestamp: '2023-11-16T19:37:59.625Z'
}
{
  message: 'Server listening on port 5000',
  level: 'info',
  label: 'UM',
  timestamp: '2023-11-16T19:37:59.629Z'
}
{
  message: 'Database connection established',
  level: 'info',
  label: 'UM',
  timestamp: '2023-11-16T19:38:06.535Z'
}
{
  message: 'Server listening on port 5000',
  level: 'info',
  label: 'UM',
  timestamp: '2023-11-16T19:38:06.539Z'
}
{
  message: 'Database connection established',
  level: 'info',
  label: 'UM',
  timestamp: '2023-11-16T19:38:56.393Z'
}
{
  message: 'Server listening on port 5000',
  level: 'info',
  label: 'UM',
  timestamp: '2023-11-16T19:38:56.397Z'
}
{
  message: 'Database connection established',
  level: 'info',
  label: 'UM',
  timestamp: '2023-11-16T19:39:00.763Z'
}
{
  message: 'Server listening on port 5000',
  level: 'info',
  label: 'UM',
  timestamp: '2023-11-16T19:39:00.766Z'
}
{
  message: 'Database connection established',
  level: 'info',
  label: 'UM',
  timestamp: '2023-11-16T19:43:50.865Z'
}
{
  message: 'Server listening on port 5000',
  level: 'info',
  label: 'UM',
  timestamp: '2023-11-16T19:43:50.869Z'
}
{
  message: 'Database connection established',
  level: 'info',
  label: 'UM',
  timestamp: '2023-11-16T19:44:32.920Z'
}
{
  message: 'Server listening on port 5000',
  level: 'info',
  label: 'UM',
  timestamp: '2023-11-16T19:44:32.924Z'
}
{
  message: 'Database connection established',
  level: 'info',
  label: 'UM',
  timestamp: '2023-11-16T19:45:53.489Z'
}
{
  message: 'Server listening on port 5000',
  level: 'info',
  label: 'UM',
  timestamp: '2023-11-16T19:45:53.493Z'
}
{
  message: 'Database connection established',
  level: 'info',
  label: 'UM',
  timestamp: '2023-11-16T19:54:35.188Z'
}
{
  message: 'Server listening on port 5000',
  level: 'info',
  label: 'UM',
  timestamp: '2023-11-16T19:54:35.191Z'
}
{
  message: 'Database connection established',
  level: 'info',
  label: 'UM',
  timestamp: '2023-11-16T19:55:25.563Z'
}
{
  message: 'Server listening on port 5000',
  level: 'info',
  label: 'UM',
  timestamp: '2023-11-16T19:55:25.566Z'
}
