{
  message: 'Database connection established',
  level: 'info',
  label: 'UM',
  timestamp: '2023-11-16T18:00:37.623Z'
}
{
  message: 'Server listening on port 5000',
  level: 'info',
  label: 'UM',
  timestamp: '2023-11-16T18:00:37.627Z'
}
{
  message: 'Database connection established',
  level: 'info',
  label: 'UM',
  timestamp: '2023-11-16T18:01:47.063Z'
}
{
  message: 'Server listening on port 5000',
  level: 'info',
  label: 'UM',
  timestamp: '2023-11-16T18:01:47.067Z'
}
{
  message: 'Database connection established',
  level: 'info',
  label: 'UM',
  timestamp: '2023-11-16T18:02:27.601Z'
}
{
  message: 'Server listening on port 5000',
  level: 'info',
  label: 'UM',
  timestamp: '2023-11-16T18:02:27.604Z'
}
{
  message: 'Database connection established',
  level: 'info',
  label: 'UM',
  timestamp: '2023-11-16T18:06:35.992Z'
}
{
  message: 'Server listening on port 5000',
  level: 'info',
  label: 'UM',
  timestamp: '2023-11-16T18:06:35.996Z'
}
{
  message: 'Database connection established',
  level: 'info',
  label: 'UM',
  timestamp: '2023-11-16T18:10:20.694Z'
}
{
  message: 'Server listening on port 5000',
  level: 'info',
  label: 'UM',
  timestamp: '2023-11-16T18:10:20.697Z'
}
{
  message: 'Database connection established',
  level: 'info',
  label: 'UM',
  timestamp: '2023-11-16T18:10:50.410Z'
}
{
  message: 'Server listening on port 5000',
  level: 'info',
  label: 'UM',
  timestamp: '2023-11-16T18:10:50.414Z'
}
{
  message: 'Database connection established',
  level: 'info',
  label: 'UM',
  timestamp: '2023-11-16T18:11:34.781Z'
}
{
  message: 'Server listening on port 5000',
  level: 'info',
  label: 'UM',
  timestamp: '2023-11-16T18:11:34.785Z'
}
{
  message: 'Database connection established',
  level: 'info',
  label: 'UM',
  timestamp: '2023-11-16T18:11:36.494Z'
}
{
  message: 'Server listening on port 5000',
  level: 'info',
  label: 'UM',
  timestamp: '2023-11-16T18:11:36.497Z'
}
{
  message: 'Database connection established',
  level: 'info',
  label: 'UM',
  timestamp: '2023-11-16T18:43:58.253Z'
}
{
  message: 'Server listening on port 5000',
  level: 'info',
  label: 'UM',
  timestamp: '2023-11-16T18:43:58.257Z'
}
{
  message: 'Database connection established',
  level: 'info',
  label: 'UM',
  timestamp: '2023-11-16T18:45:10.586Z'
}
{
  message: 'Server listening on port 5000',
  level: 'info',
  label: 'UM',
  timestamp: '2023-11-16T18:45:10.589Z'
}
{
  message: 'Database connection established',
  level: 'info',
  label: 'UM',
  timestamp: '2023-11-16T18:45:25.618Z'
}
{
  message: 'Server listening on port 5000',
  level: 'info',
  label: 'UM',
  timestamp: '2023-11-16T18:45:25.622Z'
}
{
  message: 'Database connection established',
  level: 'info',
  label: 'UM',
  timestamp: '2023-11-16T18:48:42.468Z'
}
{
  message: 'Server listening on port 5000',
  level: 'info',
  label: 'UM',
  timestamp: '2023-11-16T18:48:42.472Z'
}
{
  message: 'Database connection established',
  level: 'info',
  label: 'UM',
  timestamp: '2023-11-16T18:48:59.177Z'
}
{
  message: 'Server listening on port 5000',
  level: 'info',
  label: 'UM',
  timestamp: '2023-11-16T18:48:59.181Z'
}
{
  message: 'Database connection established',
  level: 'info',
  label: 'UM',
  timestamp: '2023-11-16T18:50:21.032Z'
}
{
  message: 'Server listening on port 5000',
  level: 'info',
  label: 'UM',
  timestamp: '2023-11-16T18:50:21.035Z'
}
{
  message: 'Database connection established',
  level: 'info',
  label: 'UM',
  timestamp: '2023-11-16T18:50:34.800Z'
}
{
  message: 'Server listening on port 5000',
  level: 'info',
  label: 'UM',
  timestamp: '2023-11-16T18:50:34.804Z'
}
{
  message: 'Database connection established',
  level: 'info',
  label: 'UM',
  timestamp: '2023-11-16T18:52:36.900Z'
}
{
  message: 'Server listening on port 5000',
  level: 'info',
  label: 'UM',
  timestamp: '2023-11-16T18:52:36.904Z'
}
{
  message: 'Database connection established',
  level: 'info',
  label: 'UM',
  timestamp: '2023-11-16T18:58:49.733Z'
}
{
  message: 'Server listening on port 5000',
  level: 'info',
  label: 'UM',
  timestamp: '2023-11-16T18:58:49.736Z'
}
{
  message: 'Database connection established',
  level: 'info',
  label: 'UM',
  timestamp: '2023-11-16T18:59:15.879Z'
}
{
  message: 'Server listening on port 5000',
  level: 'info',
  label: 'UM',
  timestamp: '2023-11-16T18:59:15.882Z'
}
