{
  message: 'Database connection established',
  level: 'info',
  label: 'UM',
  timestamp: '2023-11-26T17:30:01.299Z'
}
{
  message: 'Server listening on port 5000',
  level: 'info',
  label: 'UM',
  timestamp: '2023-11-26T17:30:01.302Z'
}
{
  message: 'Database connection established',
  level: 'info',
  label: 'UM',
  timestamp: '2023-11-26T17:30:10.361Z'
}
{
  message: 'Server listening on port 5000',
  level: 'info',
  label: 'UM',
  timestamp: '2023-11-26T17:30:10.365Z'
}
{
  message: 'Database connection established',
  level: 'info',
  label: 'UM',
  timestamp: '2023-11-26T17:31:26.117Z'
}
{
  message: 'Server listening on port 5000',
  level: 'info',
  label: 'UM',
  timestamp: '2023-11-26T17:31:26.121Z'
}
{
  message: 'Database connection established',
  level: 'info',
  label: 'UM',
  timestamp: '2023-11-26T17:33:41.295Z'
}
{
  message: 'Server listening on port 5000',
  level: 'info',
  label: 'UM',
  timestamp: '2023-11-26T17:33:41.299Z'
}
{
  message: 'Database connection established',
  level: 'info',
  label: 'UM',
  timestamp: '2023-11-26T17:39:52.221Z'
}
{
  message: 'Server listening on port 5000',
  level: 'info',
  label: 'UM',
  timestamp: '2023-11-26T17:39:52.225Z'
}
{
  message: 'Database connection established',
  level: 'info',
  label: 'UM',
  timestamp: '2023-11-26T17:40:00.694Z'
}
{
  message: 'Server listening on port 5000',
  level: 'info',
  label: 'UM',
  timestamp: '2023-11-26T17:40:00.698Z'
}
{
  message: 'Database connection established',
  level: 'info',
  label: 'UM',
  timestamp: '2023-11-26T17:48:57.305Z'
}
{
  message: 'Server listening on port 5000',
  level: 'info',
  label: 'UM',
  timestamp: '2023-11-26T17:48:57.308Z'
}
{
  message: 'Database connection established',
  level: 'info',
  label: 'UM',
  timestamp: '2023-11-26T17:52:00.945Z'
}
{
  message: 'Server listening on port 5000',
  level: 'info',
  label: 'UM',
  timestamp: '2023-11-26T17:52:00.949Z'
}
{
  message: 'Database connection established',
  level: 'info',
  label: 'UM',
  timestamp: '2023-11-26T17:52:09.862Z'
}
{
  message: 'Server listening on port 5000',
  level: 'info',
  label: 'UM',
  timestamp: '2023-11-26T17:52:09.866Z'
}
{
  message: 'Database connection established',
  level: 'info',
  label: 'UM',
  timestamp: '2023-11-26T17:52:50.479Z'
}
{
  message: 'Server listening on port 5000',
  level: 'info',
  label: 'UM',
  timestamp: '2023-11-26T17:52:50.483Z'
}
{
  message: 'Database connection established',
  level: 'info',
  label: 'UM',
  timestamp: '2023-11-26T17:53:28.163Z'
}
{
  message: 'Server listening on port 5000',
  level: 'info',
  label: 'UM',
  timestamp: '2023-11-26T17:53:28.167Z'
}
{
  message: 'Database connection established',
  level: 'info',
  label: 'UM',
  timestamp: '2023-11-26T17:53:50.629Z'
}
{
  message: 'Server listening on port 5000',
  level: 'info',
  label: 'UM',
  timestamp: '2023-11-26T17:53:50.633Z'
}
{
  message: 'Database connection established',
  level: 'info',
  label: 'UM',
  timestamp: '2023-11-26T17:57:35.809Z'
}
{
  message: 'Server listening on port 5000',
  level: 'info',
  label: 'UM',
  timestamp: '2023-11-26T17:57:35.813Z'
}
{
  message: 'Database connection established',
  level: 'info',
  label: 'UM',
  timestamp: '2023-11-26T17:59:44.412Z'
}
{
  message: 'Server listening on port 5000',
  level: 'info',
  label: 'UM',
  timestamp: '2023-11-26T17:59:44.415Z'
}
{
  message: 'Database connection established',
  level: 'info',
  label: 'UM',
  timestamp: '2023-11-26T17:59:58.397Z'
}
{
  message: 'Server listening on port 5000',
  level: 'info',
  label: 'UM',
  timestamp: '2023-11-26T17:59:58.401Z'
}
